[2024-03-13 21:30:30,471: INFO: common: yaml file: config\config.yaml loaded successfully]
[2024-03-13 21:30:30,478: INFO: common: yaml file: params.yaml loaded successfully]
[2024-03-13 21:31:06,731: INFO: common: yaml file: config\config.yaml loaded successfully]
[2024-03-13 21:31:06,742: INFO: common: yaml file: params.yaml loaded successfully]
[2024-03-13 21:31:06,745: INFO: common: created directory at: artifacts]
[2024-03-13 21:31:06,748: INFO: common: created directory at: artifacts/data_ingestion]
[2024-03-13 21:31:13,977: INFO: 366118637: artifacts/data_ingestion/data.zip downloaded with the following info : 
Connection: close
Content-Length: 19067749
Cache-Control: max-age=300
Content-Security-Policy: default-src 'none'; style-src 'unsafe-inline'; sandbox
Content-Type: application/zip
ETag: "37fc1675d0e0274bfb474ae34af63b1f3d5f1f7d00af3e2381eb68134199f611"
Strict-Transport-Security: max-age=31536000
X-Content-Type-Options: nosniff
X-Frame-Options: deny
X-XSS-Protection: 1; mode=block
X-GitHub-Request-Id: 942E:158066:50E1FE:6A9EED:65F1CDC4
Accept-Ranges: bytes
Date: Wed, 13 Mar 2024 16:01:10 GMT
Via: 1.1 varnish
X-Served-By: cache-maa10234-MAA
X-Cache: MISS
X-Cache-Hits: 0
X-Timer: S1710345669.062313,VS0,VE1316
Vary: Authorization,Accept-Encoding,Origin
Access-Control-Allow-Origin: *
Cross-Origin-Resource-Policy: cross-origin
X-Fastly-Request-ID: 219df42ed672889e1fb9f2d922a49bef6a3cb44c
Expires: Wed, 13 Mar 2024 16:06:10 GMT
Source-Age: 1

]
[2024-03-14 07:51:00,750: INFO: main: >>>>>>> stage Data Ingestion stage started <<<<<<<]
[2024-03-14 07:51:00,764: INFO: common: yaml file: config\config.yaml loaded successfully]
[2024-03-14 07:51:00,774: INFO: common: yaml file: params.yaml loaded successfully]
[2024-03-14 07:51:00,775: INFO: common: created directory at: artifacts]
[2024-03-14 07:51:00,778: INFO: common: created directory at: artifacts/data_ingestion]
[2024-03-14 07:51:16,936: INFO: data_ingestion: artifacts/data_ingestion/data.zip downloaded with the following info : 
Connection: close
Content-Length: 19067749
Cache-Control: max-age=300
Content-Security-Policy: default-src 'none'; style-src 'unsafe-inline'; sandbox
Content-Type: application/zip
ETag: "37fc1675d0e0274bfb474ae34af63b1f3d5f1f7d00af3e2381eb68134199f611"
Strict-Transport-Security: max-age=31536000
X-Content-Type-Options: nosniff
X-Frame-Options: deny
X-XSS-Protection: 1; mode=block
X-GitHub-Request-Id: A25A:2C0D06:342784:43CCE5:65F25F12
Accept-Ranges: bytes
Date: Thu, 14 Mar 2024 02:21:11 GMT
Via: 1.1 varnish
X-Served-By: cache-maa10233-MAA
X-Cache: MISS
X-Cache-Hits: 0
X-Timer: S1710382869.293461,VS0,VE1773
Vary: Authorization,Accept-Encoding,Origin
Access-Control-Allow-Origin: *
Cross-Origin-Resource-Policy: cross-origin
X-Fastly-Request-ID: 31dd0fd732fe679c80fb16977cce7c4ef76089f4
Expires: Thu, 14 Mar 2024 02:26:11 GMT
Source-Age: 1

]
[2024-03-14 07:51:19,548: INFO: main: >>>>>>> stage Data Ingestion stage completed <<<<<<<]
[2024-03-14 21:25:19,344: INFO: common: yaml file: config\config.yaml loaded successfully]
[2024-03-14 21:25:19,364: INFO: common: yaml file: params.yaml loaded successfully]
[2024-03-14 21:25:19,369: INFO: common: created directory at: artifacts]
[2024-03-14 21:25:19,373: INFO: common: created directory at: artifacts/prepare_base_model]
[2024-03-14 21:30:23,404: INFO: common: yaml file: config\config.yaml loaded successfully]
[2024-03-14 21:30:23,410: INFO: common: yaml file: params.yaml loaded successfully]
[2024-03-14 21:30:23,414: INFO: common: created directory at: artifacts]
[2024-03-14 21:30:23,419: INFO: common: created directory at: artifacts/prepare_base_model]
[2024-03-14 21:30:31,648: INFO: common: yaml file: config\config.yaml loaded successfully]
[2024-03-14 21:30:31,652: INFO: common: yaml file: params.yaml loaded successfully]
[2024-03-14 21:30:31,655: INFO: common: created directory at: artifacts]
[2024-03-14 21:30:31,658: INFO: common: created directory at: artifacts/prepare_base_model]
[2024-03-14 21:33:30,035: INFO: common: yaml file: config\config.yaml loaded successfully]
[2024-03-14 21:33:30,042: INFO: common: yaml file: params.yaml loaded successfully]
[2024-03-14 21:33:30,046: INFO: common: created directory at: artifacts]
[2024-03-14 21:33:30,048: INFO: common: created directory at: artifacts/prepare_base_model]
[2024-03-14 21:33:33,087: WARNING: saving_api: You are saving your model as an HDF5 file via `model.save()` or `keras.saving.save_model(model)`. This file format is considered legacy. We recommend using instead the native Keras format, e.g. `model.save('my_model.keras')` or `keras.saving.save_model(model, 'my_model.keras')`. ]
[2024-03-14 21:35:27,487: INFO: common: yaml file: config\config.yaml loaded successfully]
[2024-03-14 21:35:27,491: INFO: common: yaml file: params.yaml loaded successfully]
[2024-03-14 21:35:27,493: INFO: common: created directory at: artifacts]
[2024-03-14 21:35:27,496: INFO: common: created directory at: artifacts/prepare_base_model]
[2024-03-14 21:35:30,431: WARNING: saving_api: You are saving your model as an HDF5 file via `model.save()` or `keras.saving.save_model(model)`. This file format is considered legacy. We recommend using instead the native Keras format, e.g. `model.save('my_model.keras')` or `keras.saving.save_model(model, 'my_model.keras')`. ]
[2024-03-14 21:35:31,593: WARNING: saving_api: You are saving your model as an HDF5 file via `model.save()` or `keras.saving.save_model(model)`. This file format is considered legacy. We recommend using instead the native Keras format, e.g. `model.save('my_model.keras')` or `keras.saving.save_model(model, 'my_model.keras')`. ]
[2024-03-14 21:57:48,564: INFO: main: >>>>>>> stage Data Ingestion stage started <<<<<<<]
[2024-03-14 21:57:48,564: INFO: common: yaml file: config\config.yaml loaded successfully]
[2024-03-14 21:57:48,575: INFO: common: yaml file: params.yaml loaded successfully]
[2024-03-14 21:57:48,575: INFO: common: created directory at: artifacts]
[2024-03-14 21:57:48,575: ERROR: main: 'ConfigurationManager' object has no attribute 'get_data_ingestion_config']
Traceback (most recent call last):
  File "C:\Users\Soumyadipta\Desktop\Exoplanet-Detection\main.py", line 10, in <module>
    data_ingestion.main()
  File "c:\users\soumyadipta\desktop\exoplanet-detection\src\exoplanetDetection\pipeline\stage_01_data_ingestion.py", line 13, in main
    data_ingestion_config = config.get_data_ingestion_config()
AttributeError: 'ConfigurationManager' object has no attribute 'get_data_ingestion_config'
[2024-03-14 21:59:38,684: INFO: main: >>>>>>> stage Data Ingestion stage started <<<<<<<]
[2024-03-14 21:59:38,687: INFO: common: yaml file: config\config.yaml loaded successfully]
[2024-03-14 21:59:38,690: INFO: common: yaml file: params.yaml loaded successfully]
[2024-03-14 21:59:38,691: INFO: common: created directory at: artifacts]
[2024-03-14 21:59:38,692: INFO: common: created directory at: artifacts/data_ingestion]
[2024-03-14 21:59:50,027: INFO: data_ingestion: artifacts/data_ingestion/data.zip downloaded with the following info : 
Connection: close
Content-Length: 19067749
Cache-Control: max-age=300
Content-Security-Policy: default-src 'none'; style-src 'unsafe-inline'; sandbox
Content-Type: application/zip
ETag: "37fc1675d0e0274bfb474ae34af63b1f3d5f1f7d00af3e2381eb68134199f611"
Strict-Transport-Security: max-age=31536000
X-Content-Type-Options: nosniff
X-Frame-Options: deny
X-XSS-Protection: 1; mode=block
X-GitHub-Request-Id: 1F3A:94D58:CBE0D:101C5D:65F325F4
Accept-Ranges: bytes
Date: Thu, 14 Mar 2024 16:29:42 GMT
Via: 1.1 varnish
X-Served-By: cache-maa10226-MAA
X-Cache: MISS
X-Cache-Hits: 0
X-Timer: S1710433781.580021,VS0,VE1567
Vary: Authorization,Accept-Encoding,Origin
Access-Control-Allow-Origin: *
Cross-Origin-Resource-Policy: cross-origin
X-Fastly-Request-ID: 5e1c9f1a195dace43b4832fe14a793f43277af6a
Expires: Thu, 14 Mar 2024 16:34:42 GMT
Source-Age: 1

]
[2024-03-14 21:59:52,586: INFO: main: >>>>>>> stage Data Ingestion stage completed <<<<<<<]
[2024-03-14 21:59:52,586: INFO: main: >>>>>>> stage Prepare Base Model stage started <<<<<<<]
[2024-03-14 21:59:52,589: INFO: common: yaml file: config\config.yaml loaded successfully]
[2024-03-14 21:59:52,592: INFO: common: yaml file: params.yaml loaded successfully]
[2024-03-14 21:59:52,593: INFO: common: created directory at: artifacts]
[2024-03-14 21:59:52,594: INFO: common: created directory at: artifacts/prepare_base_model]
[2024-03-14 21:59:55,311: WARNING: saving_api: You are saving your model as an HDF5 file via `model.save()` or `keras.saving.save_model(model)`. This file format is considered legacy. We recommend using instead the native Keras format, e.g. `model.save('my_model.keras')` or `keras.saving.save_model(model, 'my_model.keras')`. ]
[2024-03-14 21:59:56,637: WARNING: saving_api: You are saving your model as an HDF5 file via `model.save()` or `keras.saving.save_model(model)`. This file format is considered legacy. We recommend using instead the native Keras format, e.g. `model.save('my_model.keras')` or `keras.saving.save_model(model, 'my_model.keras')`. ]
[2024-03-14 21:59:57,241: INFO: main: >>>>>>> stage Prepare Base Model stage completed <<<<<<<]
